c:\users\aviad\onedrive\שולחן העבודה\צבא\עתודה\בר אילן\שנה ב\סמסטר ב\תכנות מתקדם 2\anomalydetectordll\debug\anomalydetectordll.lib
c:\users\aviad\onedrive\שולחן העבודה\צבא\עתודה\בר אילן\שנה ב\סמסטר ב\תכנות מתקדם 2\anomalydetectordll\debug\anomalydetectordll.exp
c:\users\aviad\onedrive\שולחן העבודה\צבא\עתודה\בר אילן\שנה ב\סמסטר ב\תכנות מתקדם 2\anomalydetectordll\anomalydetectordll\debug\anomalydetectordll.pch
c:\users\aviad\onedrive\שולחן העבודה\צבא\עתודה\בר אילן\שנה ב\סמסטר ב\תכנות מתקדם 2\anomalydetectordll\anomalydetectordll\debug\vc142.pdb
c:\users\aviad\onedrive\שולחן העבודה\צבא\עתודה\בר אילן\שנה ב\סמסטר ב\תכנות מתקדם 2\anomalydetectordll\anomalydetectordll\debug\pch.obj
c:\users\aviad\onedrive\שולחן העבודה\צבא\עתודה\בר אילן\שנה ב\סמסטר ב\תכנות מתקדם 2\anomalydetectordll\anomalydetectordll\debug\timeseries.obj
c:\users\aviad\onedrive\שולחן העבודה\צבא\עתודה\בר אילן\שנה ב\סמסטר ב\תכנות מתקדם 2\anomalydetectordll\anomalydetectordll\debug\stringwrapper.obj
c:\users\aviad\onedrive\שולחן העבודה\צבא\עתודה\בר אילן\שנה ב\סמסטר ב\תכנות מתקדם 2\anomalydetectordll\anomalydetectordll\debug\simpleanomalydetector.obj
c:\users\aviad\onedrive\שולחן העבודה\צבא\עתודה\בר אילן\שנה ב\סמסטר ב\תכנות מתקדם 2\anomalydetectordll\anomalydetectordll\debug\dllmain.obj
c:\users\aviad\onedrive\שולחן העבודה\צבא\עתודה\בר אילן\שנה ב\סמסטר ב\תכנות מתקדם 2\anomalydetectordll\anomalydetectordll\debug\anomaly_detection_util.obj
c:\users\aviad\onedrive\שולחן העבודה\צבא\עתודה\בר אילן\שנה ב\סמסטר ב\תכנות מתקדם 2\anomalydetectordll\anomalydetectordll\debug\.netframework,version=v4.0.assemblyattributes.obj
c:\users\aviad\onedrive\שולחן העבודה\צבא\עתודה\בר אילן\שנה ב\סמסטר ב\תכנות מתקדם 2\anomalydetectordll\debug\anomalydetectordll.dll
c:\users\aviad\onedrive\שולחן העבודה\צבא\עתודה\בר אילן\שנה ב\סמסטר ב\תכנות מתקדם 2\anomalydetectordll\debug\anomalydetectordll.pdb
c:\users\arthur\documents\github\flightsimulator\anomalydetectordll\anomalydetectordll\debug\anomalydetectordll.vcxprojassemblyreference.cache
c:\users\arthur\documents\github\flightsimulator\anomalydetectordll\anomalydetectordll\debug\.netframework,version=v4.0.assemblyattributes.obj
c:\users\arthur\documents\github\flightsimulator\anomalydetectordll\anomalydetectordll\debug\anomaly_detection_util.obj
c:\users\arthur\documents\github\flightsimulator\anomalydetectordll\anomalydetectordll\debug\dllmain.obj
c:\users\arthur\documents\github\flightsimulator\anomalydetectordll\anomalydetectordll\debug\pch.obj
c:\users\arthur\documents\github\flightsimulator\anomalydetectordll\anomalydetectordll\debug\simpleanomalydetector.obj
c:\users\arthur\documents\github\flightsimulator\anomalydetectordll\anomalydetectordll\debug\stringwrapper.obj
c:\users\arthur\documents\github\flightsimulator\anomalydetectordll\anomalydetectordll\debug\timeseries.obj
c:\users\arthur\documents\github\flightsimulator\anomalydetectordll\anomalydetectordll\debug\anomalydetectordll.pch
c:\users\arthur\documents\github\flightsimulator\anomalydetectordll\anomalydetectordll\debug\vc142.pdb
c:\users\arthur\documents\github\flightsimulator\anomalydetectordll\debug\anomalydetectordll.pdb
c:\users\arthur\documents\github\flightsimulator\anomalydetectordll\debug\anomalydetectordll.dll
c:\users\arthur\documents\github\flightsimulator\anomalydetectordll\anomalydetectordll\debug\anomalyd.37121449.tlog\anomalydetectordll.write.1u.tlog
c:\users\arthur\documents\github\flightsimulator\anomalydetectordll\anomalydetectordll\debug\anomalyd.37121449.tlog\cl.command.1.tlog
c:\users\arthur\documents\github\flightsimulator\anomalydetectordll\anomalydetectordll\debug\anomalyd.37121449.tlog\cl.read.1.tlog
c:\users\arthur\documents\github\flightsimulator\anomalydetectordll\anomalydetectordll\debug\anomalyd.37121449.tlog\cl.write.1.tlog
c:\users\arthur\documents\github\flightsimulator\anomalydetectordll\anomalydetectordll\debug\anomalyd.37121449.tlog\link.10332.27688.delete.1.tlog
c:\users\arthur\documents\github\flightsimulator\anomalydetectordll\anomalydetectordll\debug\anomalyd.37121449.tlog\link.12204.20596.delete.1.tlog
c:\users\arthur\documents\github\flightsimulator\anomalydetectordll\anomalydetectordll\debug\anomalyd.37121449.tlog\link.15236.8500.delete.1.tlog
c:\users\arthur\documents\github\flightsimulator\anomalydetectordll\anomalydetectordll\debug\anomalyd.37121449.tlog\link.16536.11992.delete.1.tlog
c:\users\arthur\documents\github\flightsimulator\anomalydetectordll\anomalydetectordll\debug\anomalyd.37121449.tlog\link.19516.14372.delete.1.tlog
c:\users\arthur\documents\github\flightsimulator\anomalydetectordll\anomalydetectordll\debug\anomalyd.37121449.tlog\link.2332.17548.delete.1.tlog
c:\users\arthur\documents\github\flightsimulator\anomalydetectordll\anomalydetectordll\debug\anomalyd.37121449.tlog\link.4760.7984.delete.1.tlog
c:\users\arthur\documents\github\flightsimulator\anomalydetectordll\anomalydetectordll\debug\anomalyd.37121449.tlog\link.4788.14948.delete.1.tlog
c:\users\arthur\documents\github\flightsimulator\anomalydetectordll\anomalydetectordll\debug\anomalyd.37121449.tlog\link.command.1.tlog
c:\users\arthur\documents\github\flightsimulator\anomalydetectordll\anomalydetectordll\debug\anomalyd.37121449.tlog\link.read.1.tlog
c:\users\arthur\documents\github\flightsimulator\anomalydetectordll\anomalydetectordll\debug\anomalyd.37121449.tlog\link.write.1.tlog
c:\users\arthur\documents\github\flightsimulator\anomalydetectordll\anomalydetectordll\debug\anomalyd.37121449.tlog\metagen.read.1.tlog
c:\users\arthur\documents\github\flightsimulator\anomalydetectordll\anomalydetectordll\debug\anomalyd.37121449.tlog\metagen.write.1.tlog
